<?xml version="1.0" encoding="UTF-8"?>
<!-- Generated by org.testng.reporters.JUnitXMLReporter -->
<testsuite ignored="0" hostname="Jemy" failures="0" tests="4" name="Default test" time="5.744" errors="0" timestamp="2024-04-20T22:15:06 EET">
  <testcase classname="api.tests.PetTest" name="testaddpet" time="2.692"/>
  <testcase classname="api.tests.PetTest" name="testGetById" time="0.934"/>
  <testcase classname="api.tests.PetTest" name="testupdatepet" time="1.016"/>
  <testcase classname="api.tests.PetTest" name="testDeleteById" time="0.944"/>
</testsuite> <!-- Default test -->
