<?xml version="1.0" encoding="UTF-8"?>
<testng-results ignored="0" total="4" passed="4" failed="0" skipped="0">
  <reporter-output>
  </reporter-output>
  <suite started-at="2024-04-20T22:15:00 EET" name="Default suite" finished-at="2024-04-20T22:15:06 EET" duration-ms="5744">
    <groups>
    </groups>
    <test started-at="2024-04-20T22:15:00 EET" name="Default test" finished-at="2024-04-20T22:15:06 EET" duration-ms="5744">
      <class name="api.tests.PetTest">
        <test-method is-config="true" signature="setupDate()[pri:0, instance:api.tests.PetTest@3a393455]" started-at="2024-04-20T22:15:00 EET" name="setupDate" finished-at="2024-04-20T22:15:01 EET" duration-ms="99" status="PASS">
          <reporter-output>
          </reporter-output>
        </test-method> <!-- setupDate -->
        <test-method signature="testaddpet()[pri:1, instance:api.tests.PetTest@3a393455]" started-at="2024-04-20T22:15:01 EET" name="testaddpet" finished-at="2024-04-20T22:15:03 EET" duration-ms="2692" status="PASS">
          <reporter-output>
          </reporter-output>
        </test-method> <!-- testaddpet -->
        <test-method signature="testGetById()[pri:2, instance:api.tests.PetTest@3a393455]" started-at="2024-04-20T22:15:03 EET" name="testGetById" finished-at="2024-04-20T22:15:04 EET" duration-ms="934" status="PASS">
          <reporter-output>
          </reporter-output>
        </test-method> <!-- testGetById -->
        <test-method signature="testupdatepet()[pri:3, instance:api.tests.PetTest@3a393455]" started-at="2024-04-20T22:15:04 EET" name="testupdatepet" finished-at="2024-04-20T22:15:05 EET" duration-ms="1016" status="PASS">
          <reporter-output>
          </reporter-output>
        </test-method> <!-- testupdatepet -->
        <test-method signature="testDeleteById()[pri:4, instance:api.tests.PetTest@3a393455]" started-at="2024-04-20T22:15:05 EET" name="testDeleteById" finished-at="2024-04-20T22:15:06 EET" duration-ms="944" status="PASS">
          <reporter-output>
          </reporter-output>
        </test-method> <!-- testDeleteById -->
      </class> <!-- api.tests.PetTest -->
    </test> <!-- Default test -->
  </suite> <!-- Default suite -->
</testng-results>
